<?xml version="1.0" encoding="UTF-8"?>
<testsuite xmlns:xsi="http://www.w3.org/2001/XMLSchema-instance" xsi:noNamespaceSchemaLocation="https://maven.apache.org/surefire/maven-surefire-plugin/xsd/surefire-test-report-3.0.xsd" version="3.0" name="com.barberia.BarberiaApplicationTests" time="8.818" tests="1" errors="0" skipped="0" failures="0">
  <properties>
[...]
</properties>
  <testcase name="contextLoads" classname="com.barberia.BarberiaApplicationTests" time="0.742">
    <system-out><![CDATA[15:16:26.965 [main] INFO org.springframework.test.context.support.AnnotationConfigContextLoaderUtils -- Could not detect default configuration classes for test class [com.barberia.BarberiaApplicationTests]: BarberiaApplicationTests does not declare any static, non-private, non-final, nested classes annotated with @Configuration.
15:16:27.134 [main] INFO org.springframework.boot.test.context.SpringBootTestContextBootstrapper -- Found @SpringBootConfiguration com.barberia.BarberiaApplication for test class com.barberia.BarberiaApplicationTests

  .   ____          _            __ _ _
 /\\ / ___'_ __ _ _(_)_ __  __ _ \ \ \ \
( ( )\___ | '_ | '_| | '_ \/ _` | \ \ \ \
 \\/  ___)| |_)| | | | | || (_| |  ) ) ) )
  '  |____| .__|_| |_|_| |_\__, | / / / /
 =========|_|==============|___/=/_/_/_/

 :: Spring Boot ::                (v3.3.4)

2024-10-08T15:16:27.814-05:00  INFO 18864 --- [barberia] [           main] com.barberia.BarberiaApplicationTests    : Starting BarberiaApplicationTests using Java 17.0.10 with PID 18864 (started by ADMIN in C:\Users\Lenovo\Documents\Nicolas\WorkSpaceSena\api-barberia-app)
2024-10-08T15:16:27.817-05:00  INFO 18864 --- [barberia] [           main] com.barberia.BarberiaApplicationTests    : No active profile set, falling back to 1 default profile: "default"
2024-10-08T15:16:29.011-05:00  INFO 18864 --- [barberia] [           main] .s.d.r.c.RepositoryConfigurationDelegate : Bootstrapping Spring Data JPA repositories in DEFAULT mode.
2024-10-08T15:16:29.109-05:00  INFO 18864 --- [barberia] [           main] .s.d.r.c.RepositoryConfigurationDelegate : Finished Spring Data repository scanning in 85 ms. Found 2 JPA repository interfaces.
2024-10-08T15:16:29.759-05:00  INFO 18864 --- [barberia] [           main] o.hibernate.jpa.internal.util.LogHelper  : HHH000204: Processing PersistenceUnitInfo [name: default]
2024-10-08T15:16:29.867-05:00  INFO 18864 --- [barberia] [           main] org.hibernate.Version                    : HHH000412: Hibernate ORM core version 6.5.3.Final
2024-10-08T15:16:29.927-05:00  INFO 18864 --- [barberia] [           main] o.h.c.internal.RegionFactoryInitiator    : HHH000026: Second-level cache disabled
2024-10-08T15:16:30.124-05:00 DEBUG 18864 --- [barberia] [           main] org.hibernate.type.BasicTypeRegistry     : Adding type registration boolean -> org.hibernate.type.BasicTypeReference@1282e98
2024-10-08T15:16:30.124-05:00 DEBUG 18864 --- [barberia] [           main] org.hibernate.type.BasicTypeRegistry     : Adding type registration boolean -> org.hibernate.type.BasicTypeReference@1282e98
2024-10-08T15:16:30.125-05:00 DEBUG 18864 --- [barberia] [           main] org.hibernate.type.BasicTypeRegistry     : Adding type registration java.lang.Boolean -> org.hibernate.type.BasicTypeReference@1282e98
2024-10-08T15:16:30.125-05:00 DEBUG 18864 --- [barberia] [           main] org.hibernate.type.BasicTypeRegistry     : Adding type registration numeric_boolean -> org.hibernate.type.BasicTypeReference@4db0ba1c
2024-10-08T15:16:30.125-05:00 DEBUG 18864 --- [barberia] [           main] org.hibernate.type.BasicTypeRegistry     : Adding type registration org.hibernate.type.NumericBooleanConverter -> org.hibernate.type.BasicTypeReference@4db0ba1c
2024-10-08T15:16:30.125-05:00 DEBUG 18864 --- [barberia] [           main] org.hibernate.type.BasicTypeRegistry     : Adding type registration true_false -> org.hibernate.type.BasicTypeReference@1d91fa02
2024-10-08T15:16:30.125-05:00 DEBUG 18864 --- [barberia] [           main] org.hibernate.type.BasicTypeRegistry     : Adding type registration org.hibernate.type.TrueFalseConverter -> org.hibernate.type.BasicTypeReference@1d91fa02
2024-10-08T15:16:30.125-05:00 DEBUG 18864 --- [barberia] [           main] org.hibernate.type.BasicTypeRegistry     : Adding type registration yes_no -> org.hibernate.type.BasicTypeReference@1578fa9
2024-10-08T15:16:30.125-05:00 DEBUG 18864 --- [barberia] [           main] org.hibernate.type.BasicTypeRegistry     : Adding type registration org.hibernate.type.YesNoConverter -> org.hibernate.type.BasicTypeReference@1578fa9
2024-10-08T15:16:30.125-05:00 DEBUG 18864 --- [barberia] [           main] org.hibernate.type.BasicTypeRegistry     : Adding type registration byte -> org.hibernate.type.BasicTypeReference@414b2df5
2024-10-08T15:16:30.126-05:00 DEBUG 18864 --- [barberia] [           main] org.hibernate.type.BasicTypeRegistry     : Adding type registration byte -> org.hibernate.type.BasicTypeReference@414b2df5
2024-10-08T15:16:30.126-05:00 DEBUG 18864 --- [barberia] [           main] org.hibernate.type.BasicTypeRegistry     : Adding type registration java.lang.Byte -> org.hibernate.type.BasicTypeReference@414b2df5
2024-10-08T15:16:30.127-05:00 DEBUG 18864 --- [barberia] [           main] org.hibernate.type.BasicTypeRegistry     : Adding type registration binary -> org.hibernate.type.BasicTypeReference@9e30f9a
2024-10-08T15:16:30.127-05:00 DEBUG 18864 --- [barberia] [           main] org.hibernate.type.BasicTypeRegistry     : Adding type registration byte[] -> org.hibernate.type.BasicTypeReference@9e30f9a
2024-10-08T15:16:30.127-05:00 DEBUG 18864 --- [barberia] [           main] org.hibernate.type.BasicTypeRegistry     : Adding type registration [B -> org.hibernate.type.BasicTypeReference@9e30f9a
2024-10-08T15:16:30.127-05:00 DEBUG 18864 --- [barberia] [           main] org.hibernate.type.BasicTypeRegistry     : Adding type registration binary_wrapper -> org.hibernate.type.BasicTypeReference@3e9beef2
2024-10-08T15:16:30.127-05:00 DEBUG 18864 --- [barberia] [           main] org.hibernate.type.BasicTypeRegistry     : Adding type registration wrapper-binary -> org.hibernate.type.BasicTypeReference@3e9beef2
2024-10-08T15:16:30.127-05:00 DEBUG 18864 --- [barberia] [           main] org.hibernate.type.BasicTypeRegistry     : Adding type registration image -> org.hibernate.type.BasicTypeReference@2f15a964
2024-10-08T15:16:30.127-05:00 DEBUG 18864 --- [barberia] [           main] org.hibernate.type.BasicTypeRegistry     : Adding type registration blob -> org.hibernate.type.BasicTypeReference@3111631d
2024-10-08T15:16:30.128-05:00 DEBUG 18864 --- [barberia] [           main] org.hibernate.type.BasicTypeRegistry     : Adding type registration java.sql.Blob -> org.hibernate.type.BasicTypeReference@3111631d
2024-10-08T15:16:30.128-05:00 DEBUG 18864 --- [barberia] [           main] org.hibernate.type.BasicTypeRegistry     : Adding type registration materialized_blob -> org.hibernate.type.BasicTypeReference@2d70f312
2024-10-08T15:16:30.128-05:00 DEBUG 18864 --- [barberia] [           main] org.hibernate.type.BasicTypeRegistry     : Adding type registration materialized_blob_wrapper -> org.hibernate.type.BasicTypeReference@4c7d7430
2024-10-08T15:16:30.128-05:00 DEBUG 18864 --- [barberia] [           main] org.hibernate.type.BasicTypeRegistry     : Adding type registration short -> org.hibernate.type.BasicTypeReference@4ea1aa52
2024-10-08T15:16:30.128-05:00 DEBUG 18864 --- [barberia] [           main] org.hibernate.type.BasicTypeRegistry     : Adding type registration short -> org.hibernate.type.BasicTypeReference@4ea1aa52
2024-10-08T15:16:30.128-05:00 DEBUG 18864 --- [barberia] [           main] org.hibernate.type.BasicTypeRegistry     : Adding type registration java.lang.Short -> org.hibernate.type.BasicTypeReference@4ea1aa52
2024-10-08T15:16:30.128-05:00 DEBUG 18864 --- [barberia] [           main] org.hibernate.type.BasicTypeRegistry     : Adding type registration integer -> org.hibernate.type.BasicTypeReference@74123110
2024-10-08T15:16:30.129-05:00 DEBUG 18864 --- [barberia] [           main] org.hibernate.type.BasicTypeRegistry     : Adding type registration int -> org.hibernate.type.BasicTypeReference@74123110
2024-10-08T15:16:30.129-05:00 DEBUG 18864 --- [barberia] [           main] org.hibernate.type.BasicTypeRegistry     : Adding type registration java.lang.Integer -> org.hibernate.type.BasicTypeReference@74123110
2024-10-08T15:16:30.130-05:00 DEBUG 18864 --- [barberia] [           main] org.hibernate.type.BasicTypeRegistry     : Adding type registration long -> org.hibernate.type.BasicTypeReference@5ed0b4e3
2024-10-08T15:16:30.130-05:00 DEBUG 18864 --- [barberia] [           main] org.hibernate.type.BasicTypeRegistry     : Adding type registration long -> org.hibernate.type.BasicTypeReference@5ed0b4e3
2024-10-08T15:16:30.130-05:00 DEBUG 18864 --- [barberia] [           main] org.hibernate.type.BasicTypeRegistry     : Adding type registration java.lang.Long -> org.hibernate.type.BasicTypeReference@5ed0b4e3
2024-10-08T15:16:30.130-05:00 DEBUG 18864 --- [barberia] [           main] org.hibernate.type.BasicTypeRegistry     : Adding type registration float -> org.hibernate.type.BasicTypeReference@79ab97fd
2024-10-08T15:16:30.130-05:00 DEBUG 18864 --- [barberia] [           main] org.hibernate.type.BasicTypeRegistry     : Adding type registration float -> org.hibernate.type.BasicTypeReference@79ab97fd
2024-10-08T15:16:30.130-05:00 DEBUG 18864 --- [barberia] [           main] org.hibernate.type.BasicTypeRegistry     : Adding type registration java.lang.Float -> org.hibernate.type.BasicTypeReference@79ab97fd
2024-10-08T15:16:30.131-05:00 DEBUG 18864 --- [barberia] [           main] org.hibernate.type.BasicTypeRegistry     : Adding type registration double -> org.hibernate.type.BasicTypeReference@3a9b41a0
2024-10-08T15:16:30.131-05:00 DEBUG 18864 --- [barberia] [           main] org.hibernate.type.BasicTypeRegistry     : Adding type registration double -> org.hibernate.type.BasicTypeReference@3a9b41a0
2024-10-08T15:16:30.131-05:00 DEBUG 18864 --- [barberia] [           main] org.hibernate.type.BasicTypeRegistry     : Adding type registration java.lang.Double -> org.hibernate.type.BasicTypeReference@3a9b41a0
2024-10-08T15:16:30.131-05:00 DEBUG 18864 --- [barberia] [           main] org.hibernate.type.BasicTypeRegistry     : Adding type registration big_integer -> org.hibernate.type.BasicTypeReference@5fe46d52
2024-10-08T15:16:30.131-05:00 DEBUG 18864 --- [barberia] [           main] org.hibernate.type.BasicTypeRegistry     : Adding type registration java.math.BigInteger -> org.hibernate.type.BasicTypeReference@5fe46d52
2024-10-08T15:16:30.131-05:00 DEBUG 18864 --- [barberia] [           main] org.hibernate.type.BasicTypeRegistry     : Adding type registration big_decimal -> org.hibernate.type.BasicTypeReference@448ade1
2024-10-08T15:16:30.131-05:00 DEBUG 18864 --- [barberia] [           main] org.hibernate.type.BasicTypeRegistry     : Adding type registration java.math.BigDecimal -> org.hibernate.type.BasicTypeReference@448ade1
2024-10-08T15:16:30.131-05:00 DEBUG 18864 --- [barberia] [           main] org.hibernate.type.BasicTypeRegistry     : Adding type registration character -> org.hibernate.type.BasicTypeReference@21f9c6ea
2024-10-08T15:16:30.131-05:00 DEBUG 18864 --- [barberia] [           main] org.hibernate.type.BasicTypeRegistry     : Adding type registration char -> org.hibernate.type.BasicTypeReference@21f9c6ea
2024-10-08T15:16:30.131-05:00 DEBUG 18864 --- [barberia] [           main] org.hibernate.type.BasicTypeRegistry     : Adding type registration java.lang.Character -> org.hibernate.type.BasicTypeReference@21f9c6ea
2024-10-08T15:16:30.131-05:00 DEBUG 18864 --- [barberia] [           main] org.hibernate.type.BasicTypeRegistry     : Adding type registration character_nchar -> org.hibernate.type.BasicTypeReference@418f0534
2024-10-08T15:16:30.131-05:00 DEBUG 18864 --- [barberia] [           main] org.hibernate.type.BasicTypeRegistry     : Adding type registration string -> org.hibernate.type.BasicTypeReference@3dfd7eaa
2024-10-08T15:16:30.131-05:00 DEBUG 18864 --- [barberia] [           main] org.hibernate.type.BasicTypeRegistry     : Adding type registration java.lang.String -> org.hibernate.type.BasicTypeReference@3dfd7eaa
2024-10-08T15:16:30.133-05:00 DEBUG 18864 --- [barberia] [           main] org.hibernate.type.BasicTypeRegistry     : Adding type registration nstring -> org.hibernate.type.BasicTypeReference@7c9beb51
2024-10-08T15:16:30.133-05:00 DEBUG 18864 --- [barberia] [           main] org.hibernate.type.BasicTypeRegistry     : Adding type registration characters -> org.hibernate.type.BasicTypeReference@133aacbe
2024-10-08T15:16:30.133-05:00 DEBUG 18864 --- [barberia] [           main] org.hibernate.type.BasicTypeRegistry     : Adding type registration char[] -> org.hibernate.type.BasicTypeReference@133aacbe
2024-10-08T15:16:30.133-05:00 DEBUG 18864 --- [barberia] [           main] org.hibernate.type.BasicTypeRegistry     : Adding type registration [C -> org.hibernate.type.BasicTypeReference@133aacbe
2024-10-08T15:16:30.133-05:00 DEBUG 18864 --- [barberia] [           main] org.hibernate.type.BasicTypeRegistry     : Adding type registration wrapper-characters -> org.hibernate.type.BasicTypeReference@2aa5bd48
2024-10-08T15:16:30.133-05:00 DEBUG 18864 --- [barberia] [           main] org.hibernate.type.BasicTypeRegistry     : Adding type registration text -> org.hibernate.type.BasicTypeReference@7cfb8e98
2024-10-08T15:16:30.133-05:00 DEBUG 18864 --- [barberia] [           main] org.hibernate.type.BasicTypeRegistry     : Adding type registration ntext -> org.hibernate.type.BasicTypeReference@5f193335
2024-10-08T15:16:30.133-05:00 DEBUG 18864 --- [barberia] [           main] org.hibernate.type.BasicTypeRegistry     : Adding type registration clob -> org.hibernate.type.BasicTypeReference@19002b34
2024-10-08T15:16:30.134-05:00 DEBUG 18864 --- [barberia] [           main] org.hibernate.type.BasicTypeRegistry     : Adding type registration java.sql.Clob -> org.hibernate.type.BasicTypeReference@19002b34
2024-10-08T15:16:30.134-05:00 DEBUG 18864 --- [barberia] [           main] org.hibernate.type.BasicTypeRegistry     : Adding type registration nclob -> org.hibernate.type.BasicTypeReference@1ec88aa1
2024-10-08T15:16:30.134-05:00 DEBUG 18864 --- [barberia] [           main] org.hibernate.type.BasicTypeRegistry     : Adding type registration java.sql.NClob -> org.hibernate.type.BasicTypeReference@1ec88aa1
2024-10-08T15:16:30.134-05:00 DEBUG 18864 --- [barberia] [           main] org.hibernate.type.BasicTypeRegistry     : Adding type registration materialized_clob -> org.hibernate.type.BasicTypeReference@3e6748ae
2024-10-08T15:16:30.134-05:00 DEBUG 18864 --- [barberia] [           main] org.hibernate.type.BasicTypeRegistry     : Adding type registration materialized_clob_char_array -> org.hibernate.type.BasicTypeReference@28f154cc
2024-10-08T15:16:30.134-05:00 DEBUG 18864 --- [barberia] [           main] org.hibernate.type.BasicTypeRegistry     : Adding type registration materialized_clob_character_array -> org.hibernate.type.BasicTypeReference@3030836d
2024-10-08T15:16:30.134-05:00 DEBUG 18864 --- [barberia] [           main] org.hibernate.type.BasicTypeRegistry     : Adding type registration materialized_nclob -> org.hibernate.type.BasicTypeReference@6af78a48
2024-10-08T15:16:30.134-05:00 DEBUG 18864 --- [barberia] [           main] org.hibernate.type.BasicTypeRegistry     : Adding type registration materialized_nclob_character_array -> org.hibernate.type.BasicTypeReference@6ed18d80
2024-10-08T15:16:30.134-05:00 DEBUG 18864 --- [barberia] [           main] org.hibernate.type.BasicTypeRegistry     : Adding type registration materialized_nclob_char_array -> org.hibernate.type.BasicTypeReference@4c24f3a2
2024-10-08T15:16:30.135-05:00 DEBUG 18864 --- [barberia] [           main] org.hibernate.type.BasicTypeRegistry     : Adding type registration Duration -> org.hibernate.type.BasicTypeReference@783b3aa0
2024-10-08T15:16:30.135-05:00 DEBUG 18864 --- [barberia] [           main] org.hibernate.type.BasicTypeRegistry     : Adding type registration java.time.Duration -> org.hibernate.type.BasicTypeReference@783b3aa0
2024-10-08T15:16:30.135-05:00 DEBUG 18864 --- [barberia] [           main] org.hibernate.type.BasicTypeRegistry     : Adding type registration LocalDateTime -> org.hibernate.type.BasicTypeReference@2ec85a25
2024-10-08T15:16:30.135-05:00 DEBUG 18864 --- [barberia] [           main] org.hibernate.type.BasicTypeRegistry     : Adding type registration java.time.LocalDateTime -> org.hibernate.type.BasicTypeReference@2ec85a25
2024-10-08T15:16:30.135-05:00 DEBUG 18864 --- [barberia] [           main] org.hibernate.type.BasicTypeRegistry     : Adding type registration LocalDate -> org.hibernate.type.BasicTypeReference@4c176ff1
2024-10-08T15:16:30.135-05:00 DEBUG 18864 --- [barberia] [           main] org.hibernate.type.BasicTypeRegistry     : Adding type registration java.time.LocalDate -> org.hibernate.type.BasicTypeReference@4c176ff1
2024-10-08T15:16:30.135-05:00 DEBUG 18864 --- [barberia] [           main] org.hibernate.type.BasicTypeRegistry     : Adding type registration LocalTime -> org.hibernate.type.BasicTypeReference@27c53c32
2024-10-08T15:16:30.135-05:00 DEBUG 18864 --- [barberia] [           main] org.hibernate.type.BasicTypeRegistry     : Adding type registration java.time.LocalTime -> org.hibernate.type.BasicTypeReference@27c53c32
2024-10-08T15:16:30.135-05:00 DEBUG 18864 --- [barberia] [           main] org.hibernate.type.BasicTypeRegistry     : Adding type registration OffsetDateTime -> org.hibernate.type.BasicTypeReference@68aec50
2024-10-08T15:16:30.136-05:00 DEBUG 18864 --- [barberia] [           main] org.hibernate.type.BasicTypeRegistry     : Adding type registration java.time.OffsetDateTime -> org.hibernate.type.BasicTypeReference@68aec50
2024-10-08T15:16:30.136-05:00 DEBUG 18864 --- [barberia] [           main] org.hibernate.type.BasicTypeRegistry     : Adding type registration OffsetDateTimeWithTimezone -> org.hibernate.type.BasicTypeReference@6aff97d6
2024-10-08T15:16:30.136-05:00 DEBUG 18864 --- [barberia] [           main] org.hibernate.type.BasicTypeRegistry     : Adding type registration OffsetDateTimeWithoutTimezone -> org.hibernate.type.BasicTypeReference@1d60059f
2024-10-08T15:16:30.136-05:00 DEBUG 18864 --- [barberia] [           main] org.hibernate.type.BasicTypeRegistry     : Adding type registration OffsetTime -> org.hibernate.type.BasicTypeReference@134a8ead
2024-10-08T15:16:30.136-05:00 DEBUG 18864 --- [barberia] [           main] org.hibernate.type.BasicTypeRegistry     : Adding type registration java.time.OffsetTime -> org.hibernate.type.BasicTypeReference@134a8ead
2024-10-08T15:16:30.136-05:00 DEBUG 18864 --- [barberia] [           main] org.hibernate.type.BasicTypeRegistry     : Adding type registration OffsetTimeUtc -> org.hibernate.type.BasicTypeReference@427308f8
2024-10-08T15:16:30.136-05:00 DEBUG 18864 --- [barberia] [           main] org.hibernate.type.BasicTypeRegistry     : Adding type registration OffsetTimeWithTimezone -> org.hibernate.type.BasicTypeReference@54247647
2024-10-08T15:16:30.137-05:00 DEBUG 18864 --- [barberia] [           main] org.hibernate.type.BasicTypeRegistry     : Adding type registration OffsetTimeWithoutTimezone -> org.hibernate.type.BasicTypeReference@4975dda1
2024-10-08T15:16:30.137-05:00 DEBUG 18864 --- [barberia] [           main] org.hibernate.type.BasicTypeRegistry     : Adding type registration ZonedDateTime -> org.hibernate.type.BasicTypeReference@e0d1dc4
2024-10-08T15:16:30.137-05:00 DEBUG 18864 --- [barberia] [           main] org.hibernate.type.BasicTypeRegistry     : Adding type registration java.time.ZonedDateTime -> org.hibernate.type.BasicTypeReference@e0d1dc4
2024-10-08T15:16:30.137-05:00 DEBUG 18864 --- [barberia] [           main] org.hibernate.type.BasicTypeRegistry     : Adding type registration ZonedDateTimeWithTimezone -> org.hibernate.type.BasicTypeReference@5463f035
2024-10-08T15:16:30.137-05:00 DEBUG 18864 --- [barberia] [           main] org.hibernate.type.BasicTypeRegistry     : Adding type registration ZonedDateTimeWithoutTimezone -> org.hibernate.type.BasicTypeReference@230232b0
2024-10-08T15:16:30.137-05:00 DEBUG 18864 --- [barberia] [           main] org.hibernate.type.BasicTypeRegistry     : Adding type registration date -> org.hibernate.type.BasicTypeReference@44fd7ba4
2024-10-08T15:16:30.137-05:00 DEBUG 18864 --- [barberia] [           main] org.hibernate.type.BasicTypeRegistry     : Adding type registration java.sql.Date -> org.hibernate.type.BasicTypeReference@44fd7ba4
2024-10-08T15:16:30.138-05:00 DEBUG 18864 --- [barberia] [           main] org.hibernate.type.BasicTypeRegistry     : Adding type registration time -> org.hibernate.type.BasicTypeReference@22f8adc2
2024-10-08T15:16:30.138-05:00 DEBUG 18864 --- [barberia] [           main] org.hibernate.type.BasicTypeRegistry     : Adding type registration java.sql.Time -> org.hibernate.type.BasicTypeReference@22f8adc2
2024-10-08T15:16:30.138-05:00 DEBUG 18864 --- [barberia] [           main] org.hibernate.type.BasicTypeRegistry     : Adding type registration timestamp -> org.hibernate.type.BasicTypeReference@69d103f0
2024-10-08T15:16:30.138-05:00 DEBUG 18864 --- [barberia] [           main] org.hibernate.type.BasicTypeRegistry     : Adding type registration java.sql.Timestamp -> org.hibernate.type.BasicTypeReference@69d103f0
2024-10-08T15:16:30.138-05:00 DEBUG 18864 --- [barberia] [           main] org.hibernate.type.BasicTypeRegistry     : Adding type registration java.util.Date -> org.hibernate.type.BasicTypeReference@69d103f0
2024-10-08T15:16:30.138-05:00 DEBUG 18864 --- [barberia] [           main] org.hibernate.type.BasicTypeRegistry     : Adding type registration calendar -> org.hibernate.type.BasicTypeReference@5b742bc8
2024-10-08T15:16:30.138-05:00 DEBUG 18864 --- [barberia] [           main] org.hibernate.type.BasicTypeRegistry     : Adding type registration java.util.Calendar -> org.hibernate.type.BasicTypeReference@5b742bc8
2024-10-08T15:16:30.138-05:00 DEBUG 18864 --- [barberia] [           main] org.hibernate.type.BasicTypeRegistry     : Adding type registration java.util.GregorianCalendar -> org.hibernate.type.BasicTypeReference@5b742bc8
2024-10-08T15:16:30.138-05:00 DEBUG 18864 --- [barberia] [           main] org.hibernate.type.BasicTypeRegistry     : Adding type registration calendar_date -> org.hibernate.type.BasicTypeReference@74fb5b59
2024-10-08T15:16:30.138-05:00 DEBUG 18864 --- [barberia] [           main] org.hibernate.type.BasicTypeRegistry     : Adding type registration calendar_time -> org.hibernate.type.BasicTypeReference@130a6eb9
2024-10-08T15:16:30.138-05:00 DEBUG 18864 --- [barberia] [           main] org.hibernate.type.BasicTypeRegistry     : Adding type registration instant -> org.hibernate.type.BasicTypeReference@722531ab
2024-10-08T15:16:30.138-05:00 DEBUG 18864 --- [barberia] [           main] org.hibernate.type.BasicTypeRegistry     : Adding type registration java.time.Instant -> org.hibernate.type.BasicTypeReference@722531ab
2024-10-08T15:16:30.138-05:00 DEBUG 18864 --- [barberia] [           main] org.hibernate.type.BasicTypeRegistry     : Adding type registration uuid -> org.hibernate.type.BasicTypeReference@8f57e4c
2024-10-08T15:16:30.138-05:00 DEBUG 18864 --- [barberia] [           main] org.hibernate.type.BasicTypeRegistry     : Adding type registration java.util.UUID -> org.hibernate.type.BasicTypeReference@8f57e4c
2024-10-08T15:16:30.139-05:00 DEBUG 18864 --- [barberia] [           main] org.hibernate.type.BasicTypeRegistry     : Adding type registration pg-uuid -> org.hibernate.type.BasicTypeReference@8f57e4c
2024-10-08T15:16:30.139-05:00 DEBUG 18864 --- [barberia] [           main] org.hibernate.type.BasicTypeRegistry     : Adding type registration uuid-binary -> org.hibernate.type.BasicTypeReference@26fadd98
2024-10-08T15:16:30.139-05:00 DEBUG 18864 --- [barberia] [           main] org.hibernate.type.BasicTypeRegistry     : Adding type registration uuid-char -> org.hibernate.type.BasicTypeReference@66451058
2024-10-08T15:16:30.139-05:00 DEBUG 18864 --- [barberia] [           main] org.hibernate.type.BasicTypeRegistry     : Adding type registration class -> org.hibernate.type.BasicTypeReference@3db6dd52
2024-10-08T15:16:30.139-05:00 DEBUG 18864 --- [barberia] [           main] org.hibernate.type.BasicTypeRegistry     : Adding type registration java.lang.Class -> org.hibernate.type.BasicTypeReference@3db6dd52
2024-10-08T15:16:30.139-05:00 DEBUG 18864 --- [barberia] [           main] org.hibernate.type.BasicTypeRegistry     : Adding type registration currency -> org.hibernate.type.BasicTypeReference@1e92c3b6
2024-10-08T15:16:30.139-05:00 DEBUG 18864 --- [barberia] [           main] org.hibernate.type.BasicTypeRegistry     : Adding type registration Currency -> org.hibernate.type.BasicTypeReference@1e92c3b6
2024-10-08T15:16:30.139-05:00 DEBUG 18864 --- [barberia] [           main] org.hibernate.type.BasicTypeRegistry     : Adding type registration java.util.Currency -> org.hibernate.type.BasicTypeReference@1e92c3b6
2024-10-08T15:16:30.139-05:00 DEBUG 18864 --- [barberia] [           main] org.hibernate.type.BasicTypeRegistry     : Adding type registration locale -> org.hibernate.type.BasicTypeReference@6ef4cbe1
2024-10-08T15:16:30.139-05:00 DEBUG 18864 --- [barberia] [           main] org.hibernate.type.BasicTypeRegistry     : Adding type registration java.util.Locale -> org.hibernate.type.BasicTypeReference@6ef4cbe1
2024-10-08T15:16:30.139-05:00 DEBUG 18864 --- [barberia] [           main] org.hibernate.type.BasicTypeRegistry     : Adding type registration serializable -> org.hibernate.type.BasicTypeReference@207dd1b7
2024-10-08T15:16:30.139-05:00 DEBUG 18864 --- [barberia] [           main] org.hibernate.type.BasicTypeRegistry     : Adding type registration java.io.Serializable -> org.hibernate.type.BasicTypeReference@207dd1b7
2024-10-08T15:16:30.139-05:00 DEBUG 18864 --- [barberia] [           main] org.hibernate.type.BasicTypeRegistry     : Adding type registration timezone -> org.hibernate.type.BasicTypeReference@2baac4a7
2024-10-08T15:16:30.140-05:00 DEBUG 18864 --- [barberia] [           main] org.hibernate.type.BasicTypeRegistry     : Adding type registration java.util.TimeZone -> org.hibernate.type.BasicTypeReference@2baac4a7
2024-10-08T15:16:30.140-05:00 DEBUG 18864 --- [barberia] [           main] org.hibernate.type.BasicTypeRegistry     : Adding type registration ZoneOffset -> org.hibernate.type.BasicTypeReference@23ad2d17
2024-10-08T15:16:30.140-05:00 DEBUG 18864 --- [barberia] [           main] org.hibernate.type.BasicTypeRegistry     : Adding type registration java.time.ZoneOffset -> org.hibernate.type.BasicTypeReference@23ad2d17
2024-10-08T15:16:30.140-05:00 DEBUG 18864 --- [barberia] [           main] org.hibernate.type.BasicTypeRegistry     : Adding type registration url -> org.hibernate.type.BasicTypeReference@6bce4140
2024-10-08T15:16:30.140-05:00 DEBUG 18864 --- [barberia] [           main] org.hibernate.type.BasicTypeRegistry     : Adding type registration java.net.URL -> org.hibernate.type.BasicTypeReference@6bce4140
2024-10-08T15:16:30.140-05:00 DEBUG 18864 --- [barberia] [           main] org.hibernate.type.BasicTypeRegistry     : Adding type registration vector -> org.hibernate.type.BasicTypeReference@25f0c5e7
2024-10-08T15:16:30.140-05:00 DEBUG 18864 --- [barberia] [           main] org.hibernate.type.BasicTypeRegistry     : Adding type registration row_version -> org.hibernate.type.BasicTypeReference@5882b202
2024-10-08T15:16:30.145-05:00 DEBUG 18864 --- [barberia] [           main] org.hibernate.type.BasicTypeRegistry     : Adding type registration object -> org.hibernate.type.JavaObjectType@388be5fd
2024-10-08T15:16:30.145-05:00 DEBUG 18864 --- [barberia] [           main] org.hibernate.type.BasicTypeRegistry     : Adding type registration java.lang.Object -> org.hibernate.type.JavaObjectType@388be5fd
2024-10-08T15:16:30.146-05:00 DEBUG 18864 --- [barberia] [           main] org.hibernate.type.BasicTypeRegistry     : Adding type registration null -> org.hibernate.type.NullType@4b4814d0
2024-10-08T15:16:30.147-05:00 DEBUG 18864 --- [barberia] [           main] org.hibernate.type.BasicTypeRegistry     : Adding type registration imm_date -> org.hibernate.type.BasicTypeReference@4ae8fb2a
2024-10-08T15:16:30.147-05:00 DEBUG 18864 --- [barberia] [           main] org.hibernate.type.BasicTypeRegistry     : Adding type registration imm_time -> org.hibernate.type.BasicTypeReference@54326e9
2024-10-08T15:16:30.147-05:00 DEBUG 18864 --- [barberia] [           main] org.hibernate.type.BasicTypeRegistry     : Adding type registration imm_timestamp -> org.hibernate.type.BasicTypeReference@20216016
2024-10-08T15:16:30.147-05:00 DEBUG 18864 --- [barberia] [           main] org.hibernate.type.BasicTypeRegistry     : Adding type registration imm_calendar -> org.hibernate.type.BasicTypeReference@2b441e56
2024-10-08T15:16:30.147-05:00 DEBUG 18864 --- [barberia] [           main] org.hibernate.type.BasicTypeRegistry     : Adding type registration imm_calendar_date -> org.hibernate.type.BasicTypeReference@267891bf
2024-10-08T15:16:30.147-05:00 DEBUG 18864 --- [barberia] [           main] org.hibernate.type.BasicTypeRegistry     : Adding type registration imm_calendar_time -> org.hibernate.type.BasicTypeReference@3a109ff7
2024-10-08T15:16:30.147-05:00 DEBUG 18864 --- [barberia] [           main] org.hibernate.type.BasicTypeRegistry     : Adding type registration imm_binary -> org.hibernate.type.BasicTypeReference@111a7973
2024-10-08T15:16:30.147-05:00 DEBUG 18864 --- [barberia] [           main] org.hibernate.type.BasicTypeRegistry     : Adding type registration imm_serializable -> org.hibernate.type.BasicTypeReference@1a2773a8
2024-10-08T15:16:30.509-05:00  INFO 18864 --- [barberia] [           main] o.s.o.j.p.SpringPersistenceUnitInfo      : No LoadTimeWeaver setup: ignoring JPA class transformer
2024-10-08T15:16:30.556-05:00  INFO 18864 --- [barberia] [           main] com.zaxxer.hikari.HikariDataSource       : HikariPool-1 - Starting...
2024-10-08T15:16:30.864-05:00  INFO 18864 --- [barberia] [           main] com.zaxxer.hikari.pool.HikariPool        : HikariPool-1 - Added connection org.postgresql.jdbc.PgConnection@5d96d434
2024-10-08T15:16:30.868-05:00  INFO 18864 --- [barberia] [           main] com.zaxxer.hikari.HikariDataSource       : HikariPool-1 - Start completed.
2024-10-08T15:16:30.971-05:00 DEBUG 18864 --- [barberia] [           main] o.h.t.d.sql.spi.DdlTypeRegistry          : addDescriptor(2003, org.hibernate.type.descriptor.sql.internal.ArrayDdlTypeImpl@42d174ad) replaced previous registration(org.hibernate.type.descriptor.sql.internal.ArrayDdlTypeImpl@4ec0229c)
2024-10-08T15:16:30.972-05:00 DEBUG 18864 --- [barberia] [           main] o.h.t.d.sql.spi.DdlTypeRegistry          : addDescriptor(6, org.hibernate.type.descriptor.sql.internal.CapacityDependentDdlType@173a5fad) replaced previous registration(org.hibernate.type.descriptor.sql.internal.DdlTypeImpl@2ce47652)
2024-10-08T15:16:30.974-05:00 DEBUG 18864 --- [barberia] [           main] o.h.t.d.jdbc.spi.JdbcTypeRegistry        : addDescriptor(2004, BlobTypeDescriptor(BLOB_BINDING)) replaced previous registration(BlobTypeDescriptor(DEFAULT))
2024-10-08T15:16:30.974-05:00 DEBUG 18864 --- [barberia] [           main] o.h.t.d.jdbc.spi.JdbcTypeRegistry        : addDescriptor(2005, ClobTypeDescriptor(CLOB_BINDING)) replaced previous registration(ClobTypeDescriptor(DEFAULT))
2024-10-08T15:16:30.986-05:00 DEBUG 18864 --- [barberia] [           main] org.hibernate.type.BasicTypeRegistry     : Adding type registration JAVA_OBJECT -> org.hibernate.type.JavaObjectType@288409f0
2024-10-08T15:16:30.986-05:00 DEBUG 18864 --- [barberia] [           main] org.hibernate.type.BasicTypeRegistry     : Adding type registration java.lang.Object -> org.hibernate.type.JavaObjectType@288409f0
2024-10-08T15:16:30.986-05:00 DEBUG 18864 --- [barberia] [           main] org.hibernate.type.BasicTypeRegistry     : Type registration key [java.lang.Object] overrode previous entry : `org.hibernate.type.JavaObjectType@388be5fd`
2024-10-08T15:16:30.994-05:00 DEBUG 18864 --- [barberia] [           main] org.hibernate.type.BasicTypeRegistry     : Adding type registration org.hibernate.type.DurationType -> basicType@1(java.time.Duration,3015)
2024-10-08T15:16:30.994-05:00 DEBUG 18864 --- [barberia] [           main] org.hibernate.type.BasicTypeRegistry     : Adding type registration Duration -> basicType@1(java.time.Duration,3015)
2024-10-08T15:16:30.995-05:00 DEBUG 18864 --- [barberia] [           main] org.hibernate.type.BasicTypeRegistry     : Adding type registration java.time.Duration -> basicType@1(java.time.Duration,3015)
2024-10-08T15:16:31.000-05:00 DEBUG 18864 --- [barberia] [           main] org.hibernate.type.BasicTypeRegistry     : Adding type registration org.hibernate.type.OffsetDateTimeType -> basicType@2(java.time.OffsetDateTime,3003)
2024-10-08T15:16:31.000-05:00 DEBUG 18864 --- [barberia] [           main] org.hibernate.type.BasicTypeRegistry     : Adding type registration OffsetDateTime -> basicType@2(java.time.OffsetDateTime,3003)
2024-10-08T15:16:31.000-05:00 DEBUG 18864 --- [barberia] [           main] org.hibernate.type.BasicTypeRegistry     : Adding type registration java.time.OffsetDateTime -> basicType@2(java.time.OffsetDateTime,3003)
2024-10-08T15:16:31.000-05:00 DEBUG 18864 --- [barberia] [           main] org.hibernate.type.BasicTypeRegistry     : Adding type registration org.hibernate.type.ZonedDateTimeType -> basicType@3(java.time.ZonedDateTime,3003)
2024-10-08T15:16:31.001-05:00 DEBUG 18864 --- [barberia] [           main] org.hibernate.type.BasicTypeRegistry     : Adding type registration ZonedDateTime -> basicType@3(java.time.ZonedDateTime,3003)
2024-10-08T15:16:31.001-05:00 DEBUG 18864 --- [barberia] [           main] org.hibernate.type.BasicTypeRegistry     : Adding type registration java.time.ZonedDateTime -> basicType@3(java.time.ZonedDateTime,3003)
2024-10-08T15:16:31.002-05:00 DEBUG 18864 --- [barberia] [           main] org.hibernate.type.BasicTypeRegistry     : Adding type registration org.hibernate.type.OffsetTimeType -> basicType@4(java.time.OffsetTime,3007)
2024-10-08T15:16:31.002-05:00 DEBUG 18864 --- [barberia] [           main] org.hibernate.type.BasicTypeRegistry     : Adding type registration OffsetTime -> basicType@4(java.time.OffsetTime,3007)
2024-10-08T15:16:31.002-05:00 DEBUG 18864 --- [barberia] [           main] org.hibernate.type.BasicTypeRegistry     : Adding type registration java.time.OffsetTime -> basicType@4(java.time.OffsetTime,3007)
2024-10-08T15:16:31.005-05:00 DEBUG 18864 --- [barberia] [           main] o.h.type.spi.TypeConfiguration$Scope     : Scoping TypeConfiguration [org.hibernate.type.spi.TypeConfiguration@4345fd45] to MetadataBuildingContext [org.hibernate.boot.internal.MetadataBuildingContextRootImpl@4152bd0f]
2024-10-08T15:16:32.330-05:00  INFO 18864 --- [barberia] [           main] o.h.e.t.j.p.i.JtaPlatformInitiator       : HHH000489: No JTA platform available (set 'hibernate.transaction.jta.platform' to enable JTA platform integration)
2024-10-08T15:16:32.331-05:00 DEBUG 18864 --- [barberia] [           main] o.h.type.spi.TypeConfiguration$Scope     : Scoping TypeConfiguration [org.hibernate.type.spi.TypeConfiguration@4345fd45] to SessionFactoryImplementor [org.hibernate.internal.SessionFactoryImpl@67e21ea2]
2024-10-08T15:16:32.388-05:00 TRACE 18864 --- [barberia] [           main] o.h.type.spi.TypeConfiguration$Scope     : Handling #sessionFactoryCreated from [org.hibernate.internal.SessionFactoryImpl@67e21ea2] for TypeConfiguration
2024-10-08T15:16:32.388-05:00  INFO 18864 --- [barberia] [           main] j.LocalContainerEntityManagerFactoryBean : Initialized JPA EntityManagerFactory for persistence unit 'default'
2024-10-08T15:16:33.276-05:00  WARN 18864 --- [barberia] [           main] JpaBaseConfiguration$JpaWebConfiguration : spring.jpa.open-in-view is enabled by default. Therefore, database queries may be performed during view rendering. Explicitly configure spring.jpa.open-in-view to disable this warning
2024-10-08T15:16:34.789-05:00  INFO 18864 --- [barberia] [           main] com.barberia.BarberiaApplicationTests    : Started BarberiaApplicationTests in 7.37 seconds (process running for 8.792)
]]></system-out>
  </testcase>
</testsuite>